<?xml version="1.0" encoding="UTF-8"?>
<testsuite name="org.gradle.sample.list.LinkedListTest" tests="4" skipped="0" failures="0" errors="0" timestamp="2024-02-28T03:00:22" hostname="SAMITHK" time="0.035">
  <properties/>
  <testcase name="testAdd()" classname="org.gradle.sample.list.LinkedListTest" time="0.03"/>
  <testcase name="testRemoveMissing()" classname="org.gradle.sample.list.LinkedListTest" time="0.002"/>
  <testcase name="testRemove()" classname="org.gradle.sample.list.LinkedListTest" time="0.001"/>
  <testcase name="testConstructor()" classname="org.gradle.sample.list.LinkedListTest" time="0.001"/>
  <system-out><![CDATA[]]></system-out>
  <system-err><![CDATA[]]></system-err>
</testsuite>
