<?xml version="1.0" encoding="UTF-8"?>
<testsuite name="org.gradle.sample.integtest.app.MainIntegrationTest" tests="1" skipped="0" failures="0" errors="0" timestamp="2024-02-28T08:45:41" hostname="SAMITHK" time="0.019">
  <properties/>
  <testcase name="testMain()" classname="org.gradle.sample.integtest.app.MainIntegrationTest" time="0.019"/>
  <system-out><![CDATA[]]></system-out>
  <system-err><![CDATA[]]></system-err>
</testsuite>
