<?xml version="1.0" encoding="UTF-8"?>
<testsuite name="org.gradle.sample.app.MessageUtilsTest" tests="1" skipped="0" failures="0" errors="0" timestamp="2024-02-28T08:45:40" hostname="SAMITHK" time="0.026">
  <properties/>
  <testcase name="testGetMessage()" classname="org.gradle.sample.app.MessageUtilsTest" time="0.026"/>
  <system-out><![CDATA[]]></system-out>
  <system-err><![CDATA[]]></system-err>
</testsuite>
